SLF4J: Failed to load class "org.slf4j.impl.StaticLoggerBinder".
SLF4J: Defaulting to no-operation (NOP) logger implementation
SLF4J: See http://www.slf4j.org/codes.html#StaticLoggerBinder for further details.
com.google.appengine.eclipse.wtp.maven.GaeMavenComponentContributor.contribute(IMavenComponentBinder)
java.lang.NoSuchMethodError: com.google.gwt.dev.cfg.ModuleDefLoader.loadFromClassPath(Lcom/google/gwt/core/ext/TreeLogger;Ljava/lang/String;Z)Lcom/google/gwt/dev/cfg/ModuleDef;
	at com.google.gwt.dev.shell.designtime.HostedModeSupportImpl.loadModule(HostedModeSupportImpl.java:85)
	at com.google.gwt.dev.shell.designtime.HostedModeSupportImpl.createModuleSpaceHost(HostedModeSupportImpl.java:64)
	at sun.reflect.NativeMethodAccessorImpl.invoke0(Native Method)
	at sun.reflect.NativeMethodAccessorImpl.invoke(NativeMethodAccessorImpl.java:57)
	at sun.reflect.DelegatingMethodAccessorImpl.invoke(DelegatingMethodAccessorImpl.java:43)
	at java.lang.reflect.Method.invoke(Method.java:606)
	at org.eclipse.wb.internal.core.utils.reflect.ReflectionUtils.invokeMethod(ReflectionUtils.java:869)
	at com.google.gdt.eclipse.designer.hosted.tdt.HostedModeSupport.createModuleSpaceHost(HostedModeSupport.java:447)
	at sun.reflect.NativeMethodAccessorImpl.invoke0(Native Method)
	at sun.reflect.NativeMethodAccessorImpl.invoke(NativeMethodAccessorImpl.java:57)
	at sun.reflect.DelegatingMethodAccessorImpl.invoke(DelegatingMethodAccessorImpl.java:43)
	at java.lang.reflect.Method.invoke(Method.java:606)
	at org.eclipse.wb.internal.core.utils.reflect.ReflectionUtils.invokeMethod(ReflectionUtils.java:869)
	at com.google.gdt.eclipse.designer.WarmUpSupport.warmUpHostedMode(WarmUpSupport.java:125)
	at com.google.gdt.eclipse.designer.WarmUpSupport.warmUpHostedMode(WarmUpSupport.java:103)
	at com.google.gdt.eclipse.designer.WarmUpSupport.doWarmUp(WarmUpSupport.java:84)
	at com.google.gdt.eclipse.designer.Activator.earlyStartup(Activator.java:190)
	at org.eclipse.ui.internal.EarlyStartupRunnable.runEarlyStartup(EarlyStartupRunnable.java:87)
	at org.eclipse.ui.internal.EarlyStartupRunnable.run(EarlyStartupRunnable.java:73)
	at org.eclipse.core.runtime.SafeRunner.run(SafeRunner.java:42)
	at org.eclipse.ui.internal.Workbench$55.run(Workbench.java:2552)
	at org.eclipse.core.internal.jobs.Worker.run(Worker.java:53)
[INFO] Setting property: classpath.resource.loader.class => 'org.codehaus.plexus.velocity.ContextClassLoaderResourceLoader'.
[INFO] Setting property: velocimacro.messages.on => 'false'.
[INFO] Setting property: resource.loader => 'classpath'.
[INFO] Setting property: resource.manager.logwhenfound => 'false'.
[INFO] ----------------------------------------------------------------------------
[INFO] Using following parameters for creating OldArchetype: maven-archetype-quickstart:1.1
[INFO] ----------------------------------------------------------------------------
[INFO] Parameter: groupId, Value: com.bible
[INFO] Parameter: packageName, Value: com.bible.insertion
[INFO] Parameter: package, Value: com.bible.insertion
[INFO] Parameter: artifactId, Value: insertion
[INFO] Parameter: basedir, Value: /home/jadiel/workspace
[INFO] Parameter: version, Value: 0.0.1-SNAPSHOT
[INFO] ********************* End of debug info from resources from generated POM ***********************
[INFO] OldArchetype created in dir: /home/jadiel/workspace/insertion
SLF4J: Failed to load class "org.slf4j.impl.StaticLoggerBinder".
SLF4J: Defaulting to no-operation (NOP) logger implementation
SLF4J: See http://www.slf4j.org/codes.html#StaticLoggerBinder for further details.
com.google.appengine.eclipse.wtp.maven.GaeMavenComponentContributor.contribute(IMavenComponentBinder)
java.lang.NoSuchMethodError: com.google.gwt.dev.cfg.ModuleDefLoader.loadFromClassPath(Lcom/google/gwt/core/ext/TreeLogger;Ljava/lang/String;Z)Lcom/google/gwt/dev/cfg/ModuleDef;
	at com.google.gwt.dev.shell.designtime.HostedModeSupportImpl.loadModule(HostedModeSupportImpl.java:85)
	at com.google.gwt.dev.shell.designtime.HostedModeSupportImpl.createModuleSpaceHost(HostedModeSupportImpl.java:64)
	at sun.reflect.NativeMethodAccessorImpl.invoke0(Native Method)
	at sun.reflect.NativeMethodAccessorImpl.invoke(NativeMethodAccessorImpl.java:57)
	at sun.reflect.DelegatingMethodAccessorImpl.invoke(DelegatingMethodAccessorImpl.java:43)
	at java.lang.reflect.Method.invoke(Method.java:606)
	at org.eclipse.wb.internal.core.utils.reflect.ReflectionUtils.invokeMethod(ReflectionUtils.java:869)
	at com.google.gdt.eclipse.designer.hosted.tdt.HostedModeSupport.createModuleSpaceHost(HostedModeSupport.java:447)
	at sun.reflect.NativeMethodAccessorImpl.invoke0(Native Method)
	at sun.reflect.NativeMethodAccessorImpl.invoke(NativeMethodAccessorImpl.java:57)
	at sun.reflect.DelegatingMethodAccessorImpl.invoke(DelegatingMethodAccessorImpl.java:43)
	at java.lang.reflect.Method.invoke(Method.java:606)
	at org.eclipse.wb.internal.core.utils.reflect.ReflectionUtils.invokeMethod(ReflectionUtils.java:869)
	at com.google.gdt.eclipse.designer.WarmUpSupport.warmUpHostedMode(WarmUpSupport.java:125)
	at com.google.gdt.eclipse.designer.WarmUpSupport.warmUpHostedMode(WarmUpSupport.java:103)
	at com.google.gdt.eclipse.designer.WarmUpSupport.doWarmUp(WarmUpSupport.java:84)
	at com.google.gdt.eclipse.designer.Activator.earlyStartup(Activator.java:190)
	at org.eclipse.ui.internal.EarlyStartupRunnable.runEarlyStartup(EarlyStartupRunnable.java:87)
	at org.eclipse.ui.internal.EarlyStartupRunnable.run(EarlyStartupRunnable.java:73)
	at org.eclipse.core.runtime.SafeRunner.run(SafeRunner.java:42)
	at org.eclipse.ui.internal.Workbench$55.run(Workbench.java:2552)
	at org.eclipse.core.internal.jobs.Worker.run(Worker.java:53)
g_dbus_connection_real_closed: Remote peer vanished with error: Underlying GIOStream returned 0 bytes on an async read (g-io-error-quark, 0). Exiting.

** (eclipse:23902): WARNING **: Could not connect: Connection refused
SLF4J: Failed to load class "org.slf4j.impl.StaticLoggerBinder".
SLF4J: Defaulting to no-operation (NOP) logger implementation
SLF4J: See http://www.slf4j.org/codes.html#StaticLoggerBinder for further details.
com.google.appengine.eclipse.wtp.maven.GaeMavenComponentContributor.contribute(IMavenComponentBinder)
java.lang.NoSuchMethodError: com.google.gwt.dev.cfg.ModuleDefLoader.loadFromClassPath(Lcom/google/gwt/core/ext/TreeLogger;Ljava/lang/String;Z)Lcom/google/gwt/dev/cfg/ModuleDef;
	at com.google.gwt.dev.shell.designtime.HostedModeSupportImpl.loadModule(HostedModeSupportImpl.java:85)
	at com.google.gwt.dev.shell.designtime.HostedModeSupportImpl.createModuleSpaceHost(HostedModeSupportImpl.java:64)
	at sun.reflect.NativeMethodAccessorImpl.invoke0(Native Method)
	at sun.reflect.NativeMethodAccessorImpl.invoke(NativeMethodAccessorImpl.java:57)
	at sun.reflect.DelegatingMethodAccessorImpl.invoke(DelegatingMethodAccessorImpl.java:43)
	at java.lang.reflect.Method.invoke(Method.java:606)
	at org.eclipse.wb.internal.core.utils.reflect.ReflectionUtils.invokeMethod(ReflectionUtils.java:869)
	at com.google.gdt.eclipse.designer.hosted.tdt.HostedModeSupport.createModuleSpaceHost(HostedModeSupport.java:447)
	at sun.reflect.NativeMethodAccessorImpl.invoke0(Native Method)
	at sun.reflect.NativeMethodAccessorImpl.invoke(NativeMethodAccessorImpl.java:57)
	at sun.reflect.DelegatingMethodAccessorImpl.invoke(DelegatingMethodAccessorImpl.java:43)
	at java.lang.reflect.Method.invoke(Method.java:606)
	at org.eclipse.wb.internal.core.utils.reflect.ReflectionUtils.invokeMethod(ReflectionUtils.java:869)
	at com.google.gdt.eclipse.designer.WarmUpSupport.warmUpHostedMode(WarmUpSupport.java:125)
	at com.google.gdt.eclipse.designer.WarmUpSupport.warmUpHostedMode(WarmUpSupport.java:103)
	at com.google.gdt.eclipse.designer.WarmUpSupport.doWarmUp(WarmUpSupport.java:84)
	at com.google.gdt.eclipse.designer.Activator.earlyStartup(Activator.java:190)
	at org.eclipse.ui.internal.EarlyStartupRunnable.runEarlyStartup(EarlyStartupRunnable.java:87)
	at org.eclipse.ui.internal.EarlyStartupRunnable.run(EarlyStartupRunnable.java:73)
	at org.eclipse.core.runtime.SafeRunner.run(SafeRunner.java:42)
	at org.eclipse.ui.internal.Workbench$55.run(Workbench.java:2552)
	at org.eclipse.core.internal.jobs.Worker.run(Worker.java:53)
Eclipse: Fatal IO error 11 (Resource temporarily unavailable) on X server :0.0.
g_dbus_connection_real_closed: Remote peer vanished with error: Underlying GIOStream returned 0 bytes on an async read (g-io-error-quark, 0). Exiting.
#
# A fatal error has been detected by the Java Runtime Environment:
#
#  SIGSEGV (0xb) at pc=0x00007feeef8ff8b3, pid=11366, tid=140664210417408
#
# JRE version: Java(TM) SE Runtime Environment (7.0_40-b43) (build 1.7.0_40-b43)
# Java VM: Java HotSpot(TM) 64-Bit Server VM (24.0-b56 mixed mode linux-amd64 compressed oops)
# Problematic frame:
# C  [libc.so.6+0x3b8b3]  __secure_getenv+0x63
#
# Failed to write core dump. Core dumps have been disabled. To enable core dumping, try "ulimit -c unlimited" before starting Java again
#
# An error report file with more information is saved as:
# /home/jadiel/workspace/bible-server/hs_err_pid11366.log
#
# If you would like to submit a bug report, please visit:
#   http://bugreport.sun.com/bugreport/crash.jsp
# The crash happened outside the Java Virtual Machine in native code.
# See problematic frame for where to report the bug.
#
