SLF4J: Failed to load class "org.slf4j.impl.StaticLoggerBinder".
SLF4J: Defaulting to no-operation (NOP) logger implementation
SLF4J: See http://www.slf4j.org/codes.html#StaticLoggerBinder for further details.
com.google.appengine.eclipse.wtp.maven.GaeMavenComponentContributor.contribute(IMavenComponentBinder)
java.lang.NoSuchMethodError: com.google.gwt.dev.cfg.ModuleDefLoader.loadFromClassPath(Lcom/google/gwt/core/ext/TreeLogger;Ljava/lang/String;Z)Lcom/google/gwt/dev/cfg/ModuleDef;
	at com.google.gwt.dev.shell.designtime.HostedModeSupportImpl.loadModule(HostedModeSupportImpl.java:85)
	at com.google.gwt.dev.shell.designtime.HostedModeSupportImpl.createModuleSpaceHost(HostedModeSupportImpl.java:64)
	at sun.reflect.NativeMethodAccessorImpl.invoke0(Native Method)
	at sun.reflect.NativeMethodAccessorImpl.invoke(NativeMethodAccessorImpl.java:57)
	at sun.reflect.DelegatingMethodAccessorImpl.invoke(DelegatingMethodAccessorImpl.java:43)
	at java.lang.reflect.Method.invoke(Method.java:606)
	at org.eclipse.wb.internal.core.utils.reflect.ReflectionUtils.invokeMethod(ReflectionUtils.java:869)
	at com.google.gdt.eclipse.designer.hosted.tdt.HostedModeSupport.createModuleSpaceHost(HostedModeSupport.java:447)
	at sun.reflect.NativeMethodAccessorImpl.invoke0(Native Method)
	at sun.reflect.NativeMethodAccessorImpl.invoke(NativeMethodAccessorImpl.java:57)
	at sun.reflect.DelegatingMethodAccessorImpl.invoke(DelegatingMethodAccessorImpl.java:43)
	at java.lang.reflect.Method.invoke(Method.java:606)
	at org.eclipse.wb.internal.core.utils.reflect.ReflectionUtils.invokeMethod(ReflectionUtils.java:869)
	at com.google.gdt.eclipse.designer.WarmUpSupport.warmUpHostedMode(WarmUpSupport.java:125)
	at com.google.gdt.eclipse.designer.WarmUpSupport.warmUpHostedMode(WarmUpSupport.java:103)
	at com.google.gdt.eclipse.designer.WarmUpSupport.doWarmUp(WarmUpSupport.java:84)
	at com.google.gdt.eclipse.designer.Activator.earlyStartup(Activator.java:190)
	at org.eclipse.ui.internal.EarlyStartupRunnable.runEarlyStartup(EarlyStartupRunnable.java:87)
	at org.eclipse.ui.internal.EarlyStartupRunnable.run(EarlyStartupRunnable.java:73)
	at org.eclipse.core.runtime.SafeRunner.run(SafeRunner.java:42)
	at org.eclipse.ui.internal.Workbench$55.run(Workbench.java:2552)
	at org.eclipse.core.internal.jobs.Worker.run(Worker.java:53)
